Using pre-set license
Built from '2020.2/release' branch; Version is '2020.2.0f1 (3721df5a8b28) revision 3613151'; Using compiler version '192528614'; Build Type 'Release'
OS: 'Windows 10  (10.0.0) 64bit' Language: 'ko' Physical Memory: 130992 MB
BatchMode: 1, IsHumanControllingUs: 0, StartBugReporterOnCrash: 0, Is64bit: 1, IsPro: 0

 COMMAND LINE ARGUMENTS:
C:\Program Files\2020.2.0f1\Editor\Unity.exe
-adb2
-batchMode
-noUpm
-name
AssetImportWorker0
-projectPath
D:/SourceTree/Kahuna/Kahuna
-logFile
Logs/AssetImportWorker0.log
-srvPort
1989
Successfully changed project path to: D:/SourceTree/Kahuna/Kahuna
D:/SourceTree/Kahuna/Kahuna
Using Asset Import Pipeline V2.
Refreshing native plugins compatible for Editor in 17.38 ms, found 0 plugins.
Preloading 0 native plugins for Editor in 0.00 ms.
Initialize engine version: 2020.2.0f1 (3721df5a8b28)
[Subsystems] Discovering subsystems at path C:/Program Files/2020.2.0f1/Editor/Data/Resources/UnitySubsystems
[Subsystems] Discovering subsystems at path D:/SourceTree/Kahuna/Kahuna/Assets
GfxDevice: creating device client; threaded=0
Direct3D:
    Version:  Direct3D 11.0 [level 11.1]
    Renderer: NVIDIA GeForce RTX 3080 (ID=0x2206)
    Vendor:   
    VRAM:     10078 MB
    Driver:   27.21.14.5709
Initialize mono
Mono path[0] = 'C:/Program Files/2020.2.0f1/Editor/Data/Managed'
Mono path[1] = 'C:/Program Files/2020.2.0f1/Editor/Data/MonoBleedingEdge/lib/mono/unityjit'
Mono config path = 'C:/Program Files/2020.2.0f1/Editor/Data/MonoBleedingEdge/etc'
Using monoOptions --debugger-agent=transport=dt_socket,embedding=1,server=y,suspend=n,address=127.0.0.1:56160
Begin MonoManager ReloadAssembly
Registering precompiled unity dll's ...
Register platform support module: C:/Program Files/2020.2.0f1/Editor/Data/PlaybackEngines/WindowsStandaloneSupport/UnityEditor.WindowsStandalone.Extensions.dll
Registered in 0.002231 seconds.
Native extension for WindowsStandalone target not found
Refreshing native plugins compatible for Editor in 17.14 ms, found 0 plugins.
Preloading 0 native plugins for Editor in 0.00 ms.
Invoked RoslynAnalysisRunner static constructor.
RoslynAnalysisRunner will not be running.
RoslynAnalysisRunner has terminated.
Mono: successfully reloaded assembly
- Completed reload, in  1.842 seconds
Platform modules already initialized, skipping
Registering precompiled user dll's ...
Registered in 0.000517 seconds.
Begin MonoManager ReloadAssembly
Native extension for WindowsStandalone target not found
Refreshing native plugins compatible for Editor in 0.17 ms, found 0 plugins.
Preloading 0 native plugins for Editor in 0.00 ms.
Invoked RoslynAnalysisRunner static constructor.
RoslynAnalysisRunner will not be running.
RoslynAnalysisRunner has terminated.
Mono: successfully reloaded assembly
- Completed reload, in  0.652 seconds
Platform modules already initialized, skipping
========================================================================
Worker process is ready to serve import requests
Launched and connected shader compiler UnityShaderCompiler.exe after 0.03 seconds
Refreshing native plugins compatible for Editor in 0.25 ms, found 0 plugins.
Preloading 0 native plugins for Editor in 0.00 ms.
Unloading 1094 Unused Serialized files (Serialized files now loaded: 0)
System memory in use before: 56.4 MB.
System memory in use after: 56.4 MB.

Unloading 10 unused Assets to reduce memory usage. Loaded Objects now: 1535.
Total: 1.231600 ms (FindLiveObjects: 0.123500 ms CreateObjectMapping: 0.039900 ms MarkObjects: 1.019400 ms  DeleteObjects: 0.048100 ms)

========================================================================
Received Import Request.
  path: Assets/Scenes
  artifactKey: Guid(c39b1098e9d676c42a27c531c74fa83f) Importer(815301076,1909f56bfc062723c751e8b465ee728b)
Start importing Assets/Scenes using Guid(c39b1098e9d676c42a27c531c74fa83f) Importer(815301076,1909f56bfc062723c751e8b465ee728b)  -> (artifact id: 'd71c970d749cb9653f4f8a135541d245') in 0.007523 seconds
  Import took 0.009049 seconds .

========================================================================
Received Import Request.
  Time since last request: 8.605971 seconds.
  path: Assets/Scenes/Kahuna.unity
  artifactKey: Guid(7a8d00bb22c9c4a458a135c4de7ddd34) Importer(815301076,1909f56bfc062723c751e8b465ee728b)
Start importing Assets/Scenes/Kahuna.unity using Guid(7a8d00bb22c9c4a458a135c4de7ddd34) Importer(815301076,1909f56bfc062723c751e8b465ee728b)  -> (artifact id: '62e8487c4afacfb3fa69102dcc9d29ea') in 0.011707 seconds
  Import took 0.013260 seconds .

========================================================================
Received Import Request.
  Time since last request: 0.000518 seconds.
  path: Assets/Scenes/Kahuna.unity
  artifactKey: Guid(7a8d00bb22c9c4a458a135c4de7ddd34) Importer(815301076,1909f56bfc062723c751e8b465ee728b)
Start importing Assets/Scenes/Kahuna.unity using Guid(7a8d00bb22c9c4a458a135c4de7ddd34) Importer(815301076,1909f56bfc062723c751e8b465ee728b)  -> (artifact id: '62e8487c4afacfb3fa69102dcc9d29ea') in 0.002792 seconds
  Import took 0.004187 seconds .

AssetImportWorkerClient::OnTransportError - code=2 error=End of file
